> Task :compileJava UP-TO-DATE
> Task :processResources UP-TO-DATE
> Task :classes UP-TO-DATE
> Task :resolveMainClassName

> Task :bootRun

  .   ____          _            __ _ _
 /\\ / ___'_ __ _ _(_)_ __  __ _ \ \ \ \
( ( )\___ | '_ | '_| | '_ \/ _` | \ \ \ \
 \\/  ___)| |_)| | | | | || (_| |  ) ) ) )
  '  |____| .__|_| |_|_| |_\__, | / / / /
 =========|_|==============|___/=/_/_/_/

 :: Spring Boot ::                (v4.0.3)

2026-02-26T16:34:04.278+09:00  INFO 36652 --- [devpath] [           main] com.devpath.DevPathApplication           : Starting DevPathApplication using Java 21.0.10 with PID 36652 (C:\Users\jodiw\OneDrive\πŸ≈¡ »≠∏È\devpath\build\classes\java\main started by ≈¬«¸ in C:\Users\jodiw\OneDrive\πŸ≈¡ »≠∏È\devpath)
2026-02-26T16:34:04.283+09:00  INFO 36652 --- [devpath] [           main] com.devpath.DevPathApplication           : No active profile set, falling back to 1 default profile: "default"
2026-02-26T16:34:05.255+09:00  INFO 36652 --- [devpath] [           main] .s.d.r.c.RepositoryConfigurationDelegate : Multiple Spring Data modules found, entering strict repository configuration mode
2026-02-26T16:34:05.257+09:00  INFO 36652 --- [devpath] [           main] .s.d.r.c.RepositoryConfigurationDelegate : Bootstrapping Spring Data JPA repositories in DEFAULT mode.
2026-02-26T16:34:05.415+09:00  INFO 36652 --- [devpath] [           main] .s.d.r.c.RepositoryConfigurationDelegate : Finished Spring Data repository scanning in 149 ms. Found 4 JPA repository interfaces.
2026-02-26T16:34:05.457+09:00  INFO 36652 --- [devpath] [           main] .s.d.r.c.RepositoryConfigurationDelegate : Multiple Spring Data modules found, entering strict repository configuration mode
2026-02-26T16:34:05.459+09:00  INFO 36652 --- [devpath] [           main] .s.d.r.c.RepositoryConfigurationDelegate : Bootstrapping Spring Data Redis repositories in DEFAULT mode.
2026-02-26T16:34:05.482+09:00  INFO 36652 --- [devpath] [           main] .RepositoryConfigurationExtensionSupport : Spring Data Redis - Could not safely identify store assignment for repository candidate interface com.devpath.api.user.repository.TagRepository; If you want this repository to be a Redis repository, consider annotating your entities with one of these annotations: org.springframework.data.redis.core.RedisHash (preferred), or consider extending one of the following types with your repository: org.springframework.data.keyvalue.repository.KeyValueRepository
2026-02-26T16:34:05.483+09:00  INFO 36652 --- [devpath] [           main] .RepositoryConfigurationExtensionSupport : Spring Data Redis - Could not safely identify store assignment for repository candidate interface com.devpath.api.user.repository.UserProfileRepository; If you want this repository to be a Redis repository, consider annotating your entities with one of these annotations: org.springframework.data.redis.core.RedisHash (preferred), or consider extending one of the following types with your repository: org.springframework.data.keyvalue.repository.KeyValueRepository
2026-02-26T16:34:05.483+09:00  INFO 36652 --- [devpath] [           main] .RepositoryConfigurationExtensionSupport : Spring Data Redis - Could not safely identify store assignment for repository candidate interface com.devpath.api.user.repository.UserRepository; If you want this repository to be a Redis repository, consider annotating your entities with one of these annotations: org.springframework.data.redis.core.RedisHash (preferred), or consider extending one of the following types with your repository: org.springframework.data.keyvalue.repository.KeyValueRepository
2026-02-26T16:34:05.483+09:00  INFO 36652 --- [devpath] [           main] .RepositoryConfigurationExtensionSupport : Spring Data Redis - Could not safely identify store assignment for repository candidate interface com.devpath.api.user.repository.UserTechStackRepository; If you want this repository to be a Redis repository, consider annotating your entities with one of these annotations: org.springframework.data.redis.core.RedisHash (preferred), or consider extending one of the following types with your repository: org.springframework.data.keyvalue.repository.KeyValueRepository
2026-02-26T16:34:05.483+09:00  INFO 36652 --- [devpath] [           main] .s.d.r.c.RepositoryConfigurationDelegate : Finished Spring Data repository scanning in 14 ms. Found 0 Redis repository interfaces.
2026-02-26T16:34:06.090+09:00  INFO 36652 --- [devpath] [           main] o.s.boot.tomcat.TomcatWebServer          : Tomcat initialized with port 8083 (http)
2026-02-26T16:34:06.103+09:00  INFO 36652 --- [devpath] [           main] o.apache.catalina.core.StandardService   : Starting service [Tomcat]
2026-02-26T16:34:06.104+09:00  INFO 36652 --- [devpath] [           main] o.apache.catalina.core.StandardEngine    : Starting Servlet engine: [Apache Tomcat/11.0.18]
2026-02-26T16:34:06.185+09:00  INFO 36652 --- [devpath] [           main] b.w.c.s.WebApplicationContextInitializer : Root WebApplicationContext: initialization completed in 1850 ms
2026-02-26T16:34:06.829+09:00  INFO 36652 --- [devpath] [           main] org.hibernate.orm.jpa                    : HHH008540: Processing PersistenceUnitInfo [name: default]
2026-02-26T16:34:06.897+09:00  INFO 36652 --- [devpath] [           main] org.hibernate.orm.core                   : HHH000001: Hibernate ORM core version 7.2.4.Final
2026-02-26T16:34:07.484+09:00  INFO 36652 --- [devpath] [           main] o.s.o.j.p.SpringPersistenceUnitInfo      : No LoadTimeWeaver setup: ignoring JPA class transformer
2026-02-26T16:34:07.525+09:00  INFO 36652 --- [devpath] [           main] com.zaxxer.hikari.HikariDataSource       : HikariPool-1 - Starting...
2026-02-26T16:34:07.677+09:00  INFO 36652 --- [devpath] [           main] com.zaxxer.hikari.pool.HikariPool        : HikariPool-1 - Added connection org.postgresql.jdbc.PgConnection@414d466e
2026-02-26T16:34:07.679+09:00  INFO 36652 --- [devpath] [           main] com.zaxxer.hikari.HikariDataSource       : HikariPool-1 - Start completed.
2026-02-26T16:34:07.767+09:00  INFO 36652 --- [devpath] [           main] org.hibernate.orm.connections.pooling    : HHH10001005: Database info:
	Database JDBC URL [jdbc:postgresql://localhost:5432/devpath_db]
	Database driver: PostgreSQL JDBC Driver
	Database dialect: PostgreSQLDialect
	Database version: 15.16
	Default catalog/schema: devpath_db/public
	Autocommit mode: undefined/unknown
	Isolation level: READ_COMMITTED [default READ_COMMITTED]
	JDBC fetch size: none
	Pool: DataSourceConnectionProvider
	Minimum pool size: undefined/unknown
	Maximum pool size: undefined/unknown
2026-02-26T16:34:08.968+09:00  INFO 36652 --- [devpath] [           main] org.hibernate.orm.core                   : HHH000489: No JTA platform available (set 'hibernate.transaction.jta.platform' to enable JTA platform integration)
2026-02-26T16:34:09.072+09:00  INFO 36652 --- [devpath] [           main] j.LocalContainerEntityManagerFactoryBean : Initialized JPA EntityManagerFactory for persistence unit 'default'
2026-02-26T16:34:09.143+09:00  INFO 36652 --- [devpath] [           main] o.s.d.j.r.query.QueryEnhancerFactories   : Hibernate is in classpath; If applicable, HQL parser will be used.
2026-02-26T16:34:09.674+09:00  WARN 36652 --- [devpath] [           main] JpaBaseConfiguration$JpaWebConfiguration : spring.jpa.open-in-view is enabled by default. Therefore, database queries may be performed during view rendering. Explicitly configure spring.jpa.open-in-view to disable this warning
2026-02-26T16:34:10.482+09:00  INFO 36652 --- [devpath] [           main] o.s.b.a.e.web.EndpointLinksResolver      : Exposing 1 endpoint beneath base path '/actuator'
2026-02-26T16:34:10.555+09:00  INFO 36652 --- [devpath] [           main] o.s.boot.tomcat.TomcatWebServer          : Tomcat started on port 8083 (http) with context path '/'
2026-02-26T16:34:10.565+09:00  INFO 36652 --- [devpath] [           main] com.devpath.DevPathApplication           : Started DevPathApplication in 6.759 seconds (process running for 7.253)
2026-02-26T16:34:15.167+09:00  INFO 36652 --- [devpath] [nio-8083-exec-1] o.a.c.c.C.[Tomcat].[localhost].[/]       : Initializing Spring DispatcherServlet 'dispatcherServlet'
2026-02-26T16:34:15.168+09:00  INFO 36652 --- [devpath] [nio-8083-exec-1] o.s.web.servlet.DispatcherServlet        : Initializing Servlet 'dispatcherServlet'
2026-02-26T16:34:15.170+09:00  INFO 36652 --- [devpath] [nio-8083-exec-1] o.s.web.servlet.DispatcherServlet        : Completed initialization in 2 ms
2026-02-26T16:34:15.609+09:00  INFO 36652 --- [devpath] [nio-8083-exec-1] o.springdoc.api.AbstractOpenApiResource  : Init duration for springdoc-openapi is: 374 ms
2026-02-26T16:34:40.654+09:00 DEBUG 36652 --- [devpath] [nio-8083-exec-7] org.hibernate.SQL                        : 
    select
        u1_0.user_id 
    from
        users u1_0 
    where
        u1_0.email=? 
    fetch
        first ? rows only
Hibernate: 
    select
        u1_0.user_id 
    from
        users u1_0 
    where
        u1_0.email=? 
    fetch
        first ? rows only
2026-02-26T16:34:40.771+09:00 DEBUG 36652 --- [devpath] [nio-8083-exec-7] org.hibernate.SQL                        : 
    insert 
    into
        users
        (created_at, email, is_active, last_login_at, name, password, updated_at) 
    values
        (?, ?, ?, ?, ?, ?, ?)
Hibernate: 
    insert 
    into
        users
        (created_at, email, is_active, last_login_at, name, password, updated_at) 
    values
        (?, ?, ?, ?, ?, ?, ?)
2026-02-26T16:34:40.832+09:00 DEBUG 36652 --- [devpath] [nio-8083-exec-8] org.hibernate.SQL                        : 
    select
        u1_0.user_id,
        u1_0.created_at,
        u1_0.email,
        u1_0.is_active,
        u1_0.last_login_at,
        u1_0.name,
        u1_0.password,
        u1_0.updated_at 
    from
        users u1_0 
    where
        u1_0.email=?
Hibernate: 
    select
        u1_0.user_id,
        u1_0.created_at,
        u1_0.email,
        u1_0.is_active,
        u1_0.last_login_at,
        u1_0.name,
        u1_0.password,
        u1_0.updated_at 
    from
        users u1_0 
    where
        u1_0.email=?
2026-02-26T16:34:41.473+09:00 DEBUG 36652 --- [devpath] [nio-8083-exec-9] org.hibernate.SQL                        : 
    select
        u1_0.user_id,
        u1_0.created_at,
        u1_0.email,
        u1_0.is_active,
        u1_0.last_login_at,
        u1_0.name,
        u1_0.password,
        u1_0.updated_at 
    from
        users u1_0 
    where
        u1_0.user_id=?
Hibernate: 
    select
        u1_0.user_id,
        u1_0.created_at,
        u1_0.email,
        u1_0.is_active,
        u1_0.last_login_at,
        u1_0.name,
        u1_0.password,
        u1_0.updated_at 
    from
        users u1_0 
    where
        u1_0.user_id=?
2026-02-26T16:34:41.481+09:00 DEBUG 36652 --- [devpath] [nio-8083-exec-9] org.hibernate.SQL                        : 
    select
        up1_0.profile_id,
        up1_0.bio,
        up1_0.blog_url,
        up1_0.created_at,
        up1_0.date_of_birth,
        up1_0.github_url,
        up1_0.phone,
        up1_0.profile_image,
        up1_0.updated_at,
        up1_0.user_id 
    from
        user_profiles up1_0 
    where
        up1_0.user_id=?
Hibernate: 
    select
        up1_0.profile_id,
        up1_0.bio,
        up1_0.blog_url,
        up1_0.created_at,
        up1_0.date_of_birth,
        up1_0.github_url,
        up1_0.phone,
        up1_0.profile_image,
        up1_0.updated_at,
        up1_0.user_id 
    from
        user_profiles up1_0 
    where
        up1_0.user_id=?
2026-02-26T16:34:41.486+09:00 DEBUG 36652 --- [devpath] [nio-8083-exec-9] org.hibernate.SQL                        : 
    insert 
    into
        user_profiles
        (bio, blog_url, created_at, date_of_birth, github_url, phone, profile_image, updated_at, user_id) 
    values
        (?, ?, ?, ?, ?, ?, ?, ?, ?)
Hibernate: 
    insert 
    into
        user_profiles
        (bio, blog_url, created_at, date_of_birth, github_url, phone, profile_image, updated_at, user_id) 
    values
        (?, ?, ?, ?, ?, ?, ?, ?, ?)
2026-02-26T16:34:41.493+09:00 DEBUG 36652 --- [devpath] [nio-8083-exec-9] org.hibernate.SQL                        : 
    select
        uts1_0.user_tech_stack_id,
        uts1_0.tag_id,
        uts1_0.user_id 
    from
        user_tech_stacks uts1_0 
    where
        uts1_0.user_id=?
Hibernate: 
    select
        uts1_0.user_tech_stack_id,
        uts1_0.tag_id,
        uts1_0.user_id 
    from
        user_tech_stacks uts1_0 
    where
        uts1_0.user_id=?
2026-02-26T16:34:41.517+09:00 DEBUG 36652 --- [devpath] [nio-8083-exec-9] org.hibernate.SQL                        : 
    select
        t1_0.tag_id,
        t1_0.name 
    from
        tags t1_0 
    where
        t1_0.tag_id in (?, ?)
Hibernate: 
    select
        t1_0.tag_id,
        t1_0.name 
    from
        tags t1_0 
    where
        t1_0.tag_id in (?, ?)
2026-02-26T16:34:41.521+09:00 DEBUG 36652 --- [devpath] [nio-8083-exec-9] org.hibernate.SQL                        : 
    insert 
    into
        user_tech_stacks
        (tag_id, user_id) 
    values
        (?, ?)
Hibernate: 
    insert 
    into
        user_tech_stacks
        (tag_id, user_id) 
    values
        (?, ?)
2026-02-26T16:34:41.523+09:00 DEBUG 36652 --- [devpath] [nio-8083-exec-9] org.hibernate.SQL                        : 
    insert 
    into
        user_tech_stacks
        (tag_id, user_id) 
    values
        (?, ?)
Hibernate: 
    insert 
    into
        user_tech_stacks
        (tag_id, user_id) 
    values
        (?, ?)
2026-02-26T16:34:41.525+09:00  INFO 36652 --- [devpath] [nio-8083-exec-9] c.devpath.api.user.service.UserService   : Profile setup completed. userId=194
2026-02-26T16:34:41.601+09:00 DEBUG 36652 --- [devpath] [nio-8083-exec-2] org.hibernate.SQL                        : 
    select
        u1_0.user_id,
        u1_0.created_at,
        u1_0.email,
        u1_0.is_active,
        u1_0.last_login_at,
        u1_0.name,
        u1_0.password,
        u1_0.updated_at 
    from
        users u1_0 
    where
        u1_0.user_id=?
Hibernate: 
    select
        u1_0.user_id,
        u1_0.created_at,
        u1_0.email,
        u1_0.is_active,
        u1_0.last_login_at,
        u1_0.name,
        u1_0.password,
        u1_0.updated_at 
    from
        users u1_0 
    where
        u1_0.user_id=?
2026-02-26T16:34:41.626+09:00 DEBUG 36652 --- [devpath] [nio-8083-exec-3] org.hibernate.SQL                        : 
    select
        u1_0.user_id,
        u1_0.created_at,
        u1_0.email,
        u1_0.is_active,
        u1_0.last_login_at,
        u1_0.name,
        u1_0.password,
        u1_0.updated_at 
    from
        users u1_0 
    where
        u1_0.user_id=?
Hibernate: 
    select
        u1_0.user_id,
        u1_0.created_at,
        u1_0.email,
        u1_0.is_active,
        u1_0.last_login_at,
        u1_0.name,
        u1_0.password,
        u1_0.updated_at 
    from
        users u1_0 
    where
        u1_0.user_id=?
2026-02-26T16:34:41.629+09:00 DEBUG 36652 --- [devpath] [nio-8083-exec-3] org.hibernate.SQL                        : 
    select
        up1_0.profile_id,
        up1_0.bio,
        up1_0.blog_url,
        up1_0.created_at,
        up1_0.date_of_birth,
        up1_0.github_url,
        up1_0.phone,
        up1_0.profile_image,
        up1_0.updated_at,
        up1_0.user_id 
    from
        user_profiles up1_0 
    where
        up1_0.user_id=?
Hibernate: 
    select
        up1_0.profile_id,
        up1_0.bio,
        up1_0.blog_url,
        up1_0.created_at,
        up1_0.date_of_birth,
        up1_0.github_url,
        up1_0.phone,
        up1_0.profile_image,
        up1_0.updated_at,
        up1_0.user_id 
    from
        user_profiles up1_0 
    where
        up1_0.user_id=?
2026-02-26T16:34:41.635+09:00 DEBUG 36652 --- [devpath] [nio-8083-exec-3] org.hibernate.SQL                        : 
    select
        uts1_0.user_tech_stack_id,
        uts1_0.tag_id,
        uts1_0.user_id 
    from
        user_tech_stacks uts1_0 
    where
        uts1_0.user_id=?
Hibernate: 
    select
        uts1_0.user_tech_stack_id,
        uts1_0.tag_id,
        uts1_0.user_id 
    from
        user_tech_stacks uts1_0 
    where
        uts1_0.user_id=?
2026-02-26T16:34:41.643+09:00 DEBUG 36652 --- [devpath] [nio-8083-exec-3] org.hibernate.SQL                        : 
    select
        t1_0.tag_id,
        t1_0.name 
    from
        tags t1_0 
    where
        t1_0.tag_id in (?, ?)
Hibernate: 
    select
        t1_0.tag_id,
        t1_0.name 
    from
        tags t1_0 
    where
        t1_0.tag_id in (?, ?)
2026-02-26T16:34:41.646+09:00 DEBUG 36652 --- [devpath] [nio-8083-exec-3] org.hibernate.SQL                        : 
    insert 
    into
        user_tech_stacks
        (tag_id, user_id) 
    values
        (?, ?)
Hibernate: 
    insert 
    into
        user_tech_stacks
        (tag_id, user_id) 
    values
        (?, ?)
2026-02-26T16:34:41.648+09:00 DEBUG 36652 --- [devpath] [nio-8083-exec-3] org.hibernate.SQL                        : 
    insert 
    into
        user_tech_stacks
        (tag_id, user_id) 
    values
        (?, ?)
Hibernate: 
    insert 
    into
        user_tech_stacks
        (tag_id, user_id) 
    values
        (?, ?)
2026-02-26T16:34:41.649+09:00  INFO 36652 --- [devpath] [nio-8083-exec-3] c.devpath.api.user.service.UserService   : Profile setup completed. userId=194
2026-02-26T16:34:41.653+09:00 DEBUG 36652 --- [devpath] [nio-8083-exec-3] org.hibernate.SQL                        : 
    delete 
    from
        user_tech_stacks 
    where
        user_tech_stack_id=?
Hibernate: 
    delete 
    from
        user_tech_stacks 
    where
        user_tech_stack_id=?
2026-02-26T16:34:41.656+09:00 DEBUG 36652 --- [devpath] [nio-8083-exec-3] org.hibernate.SQL                        : 
    delete 
    from
        user_tech_stacks 
    where
        user_tech_stack_id=?
Hibernate: 
    delete 
    from
        user_tech_stacks 
    where
        user_tech_stack_id=?
